<?xml version="1.0" encoding="UTF-8"?>
<!-- Generated by org.testng.reporters.JUnitReportReporter -->
<testsuite hostname="LAPTOP-7591E6LG" failures="0" tests="3" name="com.tcs.testing.Test3" time="0.010" errors="0" timestamp="2022-06-02T21:33:16 IST" skipped="1">
  <testcase classname="com.tcs.testing.Test3" name="test7" time="0.003"/>
  <system-out/>
  <testcase classname="com.tcs.testing.Test3" name="test8" time="0.007"/>
  <system-out/>
  <testcase classname="com.tcs.testing.Test3" name="test6">
    <skipped/>
  </testcase> <!-- test6 -->
  <system-out/>
</testsuite> <!-- com.tcs.testing.Test3 -->
