<?xml version="1.0" encoding="UTF-8"?>
<!-- Generated by org.testng.reporters.JUnitReportReporter -->
<testsuite hostname="LAPTOP-7591E6LG" failures="0" tests="2" name="com.tcs.testing.Test2" time="0.005" errors="0" timestamp="2022-06-02T21:33:16 IST" skipped="0">
  <testcase classname="com.tcs.testing.Test2" name="test4" time="0.003"/>
  <system-out/>
  <testcase classname="com.tcs.testing.Test2" name="test5" time="0.002"/>
  <system-out/>
</testsuite> <!-- com.tcs.testing.Test2 -->
